# Push Log for fold-stack
# Generated by gitfield-sync

[2025-06-14T01:20:36Z] Local: , Branch=main, Commit=25fcf60
  Diff Summary:
     .gitfield/local.sigil.md | 59 ++++++++++++++++++++++++++++++++++++++++++++++++
     1 file changed, 59 insertions(+)
[2025-06-14T01:21:16Z] Radicle: RID=rad:z3FEj7rF8gZw9eFksCuiN43qjzrex, Peer ID=z6Mkw5s3ppo26C7y7tGK5MD8n2GqTHS582PPpeX5Xqbu2Mpz, Branch=main, Commit=25fcf60
  CLI: rad inspect rad:z3FEj7rF8gZw9eFksCuiN43qjzrex # View project details
  CLI: git ls-tree -r --name-only HEAD # View file structure
  Diff Summary:
     .gitfield/radicle.sigil.md | 67 ++++++++++++++++++++++++++++++++++++++++++++++
     1 file changed, 67 insertions(+)
[2025-06-14T01:21:19Z] Forgejo: https://remember.thefoldwithin.earth/mrhavens/fold-stack, Branch=main, Commit=25fcf60
  Diff Summary:
     .gitfield/remember.sigil.md | 59 +++++++++++++++++++++++++++++++++++++++++++++
     1 file changed, 59 insertions(+)
[2025-06-14T01:21:28Z] Codeberg: https://codeberg.org/mrhavens/fold-stack, Branch=main, Commit=25fcf60
  Diff Summary:
     .gitfield/codeberg.sigil.md | 59 +++++++++++++++++++++++++++++++++++++++++++++
     1 file changed, 59 insertions(+)
[2025-06-14T01:21:30Z] Gitea: https://gitea.com/mrhavens/fold-stack, Branch=main, Commit=25fcf60
  Diff Summary:
     .gitfield/pushed.log | 4 ++++
     1 file changed, 4 insertions(+)
[2025-06-14T01:27:10Z] GitLab: https://gitlab.com/mrhavens/fold-stack, Branch=main, Commit=25fcf60
  Diff Summary:
     .gitfield/gitlab.sigil.md | 59 +++++++++++++++++++++++++++++++++++++++++++++++
     1 file changed, 59 insertions(+)
[2025-06-14T01:27:21Z] Bitbucket: https://bitbucket.org/thefoldwithin/fold-stack, Branch=main, Commit=25fcf60
  Diff Summary:
     .gitfield/bitbucket.sigil.md | 59 ++++++++++++++++++++++++++++++++++++++++++++
     1 file changed, 59 insertions(+)
[2025-06-14T01:27:27Z] GitHub: https://github.com/mrhavens/fold-stack, Branch=main, Commit=25fcf60
  Diff Summary:
     .gitfield/github.sigil.md | 59 +++++++++++++++++++++++++++++++++++++++++++++++
     1 file changed, 59 insertions(+)
[2025-06-14T01:27:28Z] Local: , Branch=main, Commit=25fcf60
  Diff Summary:
     .gitfield/local.sigil.md | 18 +++++++++---------
     1 file changed, 9 insertions(+), 9 deletions(-)
[2025-06-14T01:27:31Z] Radicle: RID=rad:z3FEj7rF8gZw9eFksCuiN43qjzrex, Peer ID=z6Mkw5s3ppo26C7y7tGK5MD8n2GqTHS582PPpeX5Xqbu2Mpz, Branch=main, Commit=25fcf60
  CLI: rad inspect rad:z3FEj7rF8gZw9eFksCuiN43qjzrex # View project details
  CLI: git ls-tree -r --name-only HEAD # View file structure
  Diff Summary:
     .gitfield/radicle.sigil.md | 20 ++++++++++----------
     1 file changed, 10 insertions(+), 10 deletions(-)
[2025-06-14T01:27:33Z] Forgejo: https://remember.thefoldwithin.earth/mrhavens/fold-stack, Branch=main, Commit=25fcf60
  Diff Summary:
     .gitfield/remember.sigil.md | 16 ++++++++--------
     1 file changed, 8 insertions(+), 8 deletions(-)
[2025-06-14T01:27:46Z] Codeberg: https://codeberg.org/mrhavens/fold-stack, Branch=main, Commit=25fcf60
  Diff Summary:
     .gitfield/codeberg.sigil.md | 16 ++++++++--------
     1 file changed, 8 insertions(+), 8 deletions(-)
[2025-06-14T01:27:48Z] Gitea: https://gitea.com/mrhavens/fold-stack, Branch=main, Commit=25fcf60
  Diff Summary:
     .gitfield/pushed.log | 4 ++++
     1 file changed, 4 insertions(+)
[2025-06-14T01:27:53Z] GitLab: https://gitlab.com/mrhavens/fold-stack, Branch=main, Commit=25fcf60
  Diff Summary:
     .gitfield/gitlab.sigil.md | 16 ++++++++--------
     1 file changed, 8 insertions(+), 8 deletions(-)
[2025-06-14T01:28:02Z] Bitbucket: https://bitbucket.org/thefoldwithin/fold-stack, Branch=main, Commit=25fcf60
  Diff Summary:
     .gitfield/bitbucket.sigil.md | 16 ++++++++--------
     1 file changed, 8 insertions(+), 8 deletions(-)
[2025-06-14T01:28:07Z] GitHub: https://github.com/mrhavens/fold-stack, Branch=main, Commit=25fcf60
  Diff Summary:
     .gitfield/github.sigil.md | 14 +++++++-------
     1 file changed, 7 insertions(+), 7 deletions(-)
[2025-06-14T01:28:08Z] Local: , Branch=main, Commit=25fcf60
  Diff Summary:
     .gitfield/local.sigil.md | 12 ++++++------
     1 file changed, 6 insertions(+), 6 deletions(-)
